<?xml version="1.0" encoding="UTF-8"?>
<testng-results skipped="0" failed="0" ignored="0" total="1" passed="1">
  <reporter-output>
  </reporter-output>
  <suite name="Default suite" duration-ms="97" started-at="2020-05-23T15:41:30 PDT" finished-at="2020-05-23T15:41:30 PDT">
    <groups>
    </groups>
    <test name="Default test" duration-ms="97" started-at="2020-05-23T15:41:30 PDT" finished-at="2020-05-23T15:41:30 PDT">
      <class name="com.syntax.test.TestNGtest">
        <test-method status="PASS" signature="hello()[pri:0, instance:com.syntax.test.TestNGtest@1f28c152]" name="hello" duration-ms="10" started-at="2020-05-23T15:41:30 PDT" finished-at="2020-05-23T15:41:30 PDT">
          <reporter-output>
          </reporter-output>
        </test-method> <!-- hello -->
      </class> <!-- com.syntax.test.TestNGtest -->
    </test> <!-- Default test -->
  </suite> <!-- Default suite -->
</testng-results>
